<?xml version="1.0" encoding="UTF-8"?>
<!-- Generated by org.testng.reporters.JUnitReportReporter -->
<testsuite hostname="DESKTOP-7ARKDEF" failures="0" tests="2" name="qa_test.Testing" time="4.466" errors="0" timestamp="6 Aug 2020 21:51:07 GMT">
  <testcase classname="qa_test.Testing" name="password" time="2.205"/>
  <testcase classname="qa_test.Testing" name="userName" time="2.261"/>
</testsuite> <!-- qa_test.Testing -->
