<?xml version="1.0" encoding="UTF-8"?>
<!-- Generated by org.testng.reporters.JUnitReportReporter -->
<testsuite hostname="DESKTOP-7ARKDEF" failures="0" tests="2" name="qa_test.CSSSelector001" time="12.319" errors="0" timestamp="6 Aug 2020 16:58:53 GMT">
  <testcase classname="qa_test.CSSSelector001" name="test" time="8.173"/>
  <testcase classname="qa_test.CSSSelector001" name="moreTest" time="4.146"/>
</testsuite> <!-- qa_test.CSSSelector001 -->
