<?xml version="1.0" encoding="UTF-8"?>
<!-- Generated by org.testng.reporters.JUnitReportReporter -->
<testsuite hostname="DESKTOP-7ARKDEF" failures="0" tests="1" name="qa_test.ImFeelingLucky" time="5.800" errors="0" timestamp="5 Aug 2020 18:08:58 GMT">
  <testcase classname="qa_test.ImFeelingLucky" name="testUntitled" time="5.800"/>
</testsuite> <!-- qa_test.ImFeelingLucky -->
